<?xml version="1.0" encoding="UTF-8"?>
<testng-results ignored="0" total="1" passed="1" failed="0" skipped="0">
  <reporter-output>
  </reporter-output>
  <suite started-at="2024-11-03T19:14:44 IST" name="Default suite" finished-at="2024-11-03T19:14:52 IST" duration-ms="8514">
    <groups>
    </groups>
    <test started-at="2024-11-03T19:14:44 IST" name="Default test" finished-at="2024-11-03T19:14:52 IST" duration-ms="8514">
      <class name="pkg.Demo">
        <test-method is-config="true" signature="setUp()[pri:0, instance:pkg.Demo@7d0b7e3c]" started-at="2024-11-03T19:14:44 IST" name="setUp" finished-at="2024-11-03T19:14:52 IST" duration-ms="7983" status="PASS">
          <reporter-output>
          </reporter-output>
        </test-method> <!-- setUp -->
        <test-method signature="test()[pri:0, instance:pkg.Demo@7d0b7e3c]" started-at="2024-11-03T19:14:52 IST" name="test" finished-at="2024-11-03T19:14:52 IST" duration-ms="446" status="PASS">
          <reporter-output>
          </reporter-output>
        </test-method> <!-- test -->
      </class> <!-- pkg.Demo -->
    </test> <!-- Default test -->
  </suite> <!-- Default suite -->
</testng-results>
